

Started GET "/" for 127.0.0.1 at 2013-10-11 14:43:25 -0400
Processing by Rails::WelcomeController#index as HTML
  Rendered /home/alexander/.rbenv/versions/2.0.0-p247/lib/ruby/gems/2.0.0/gems/railties-4.0.0/lib/rails/templates/rails/welcome/index.html.erb (1.2ms)
Completed 200 OK in 22ms (Views: 5.5ms | ActiveRecord: 0.0ms)


Started GET "/_ruote" for 127.0.0.1 at 2013-10-11 14:43:36 -0400


Started GET "/_ruote/stylesheets/reset.css" for 127.0.0.1 at 2013-10-11 14:43:36 -0400


Started GET "/_ruote/stylesheets/rk.css" for 127.0.0.1 at 2013-10-11 14:43:36 -0400


Started GET "/_ruote/javascripts/rk.js" for 127.0.0.1 at 2013-10-11 14:43:36 -0400


Started GET "/_ruote/javascripts/jquery-1.9.1.min.js" for 127.0.0.1 at 2013-10-11 14:43:36 -0400


Started GET "/_ruote/images/favicon.png" for 127.0.0.1 at 2013-10-11 14:43:36 -0400


Started GET "/_ruote/images/ruote.png" for 127.0.0.1 at 2013-10-11 14:43:36 -0400


Started GET "/_ruote/processes?limit=100&skip=0" for 127.0.0.1 at 2013-10-11 14:44:51 -0400


Started GET "/_ruote/stylesheets/reset.css" for 127.0.0.1 at 2013-10-11 14:44:52 -0400


Started GET "/_ruote/javascripts/jquery-1.9.1.min.js" for 127.0.0.1 at 2013-10-11 14:44:52 -0400


Started GET "/_ruote/javascripts/rk.js" for 127.0.0.1 at 2013-10-11 14:44:52 -0400


Started GET "/_ruote/stylesheets/rk.css" for 127.0.0.1 at 2013-10-11 14:44:52 -0400


Started GET "/_ruote/images/favicon.png" for 127.0.0.1 at 2013-10-11 14:44:52 -0400


Started GET "/_ruote/images/ruote.png" for 127.0.0.1 at 2013-10-11 14:44:52 -0400


Started GET "/_ruote/workitems?limit=100&skip=0" for 127.0.0.1 at 2013-10-11 14:44:53 -0400


Started GET "/_ruote/stylesheets/rk.css" for 127.0.0.1 at 2013-10-11 14:44:53 -0400


Started GET "/_ruote/javascripts/rk.js" for 127.0.0.1 at 2013-10-11 14:44:53 -0400


Started GET "/_ruote/stylesheets/reset.css" for 127.0.0.1 at 2013-10-11 14:44:53 -0400


Started GET "/_ruote/javascripts/jquery-1.9.1.min.js" for 127.0.0.1 at 2013-10-11 14:44:53 -0400


Started GET "/_ruote/images/ruote.png" for 127.0.0.1 at 2013-10-11 14:44:53 -0400


Started GET "/_ruote/images/favicon.png" for 127.0.0.1 at 2013-10-11 14:44:53 -0400


Started GET "/_ruote/processes?limit=100&skip=0" for 127.0.0.1 at 2013-10-11 14:44:54 -0400


Started GET "/_ruote/stylesheets/rk.css" for 127.0.0.1 at 2013-10-11 14:44:54 -0400


Started GET "/_ruote/stylesheets/reset.css" for 127.0.0.1 at 2013-10-11 14:44:54 -0400


Started GET "/_ruote/javascripts/rk.js" for 127.0.0.1 at 2013-10-11 14:44:54 -0400


Started GET "/_ruote/javascripts/jquery-1.9.1.min.js" for 127.0.0.1 at 2013-10-11 14:44:54 -0400


Started GET "/_ruote/images/ruote.png" for 127.0.0.1 at 2013-10-11 14:44:54 -0400


Started GET "/_ruote/images/favicon.png" for 127.0.0.1 at 2013-10-11 14:44:55 -0400


Started GET "/_ruote/errors?limit=100&skip=0" for 127.0.0.1 at 2013-10-11 14:44:57 -0400


Started GET "/_ruote/stylesheets/reset.css" for 127.0.0.1 at 2013-10-11 14:44:57 -0400


Started GET "/_ruote/stylesheets/rk.css" for 127.0.0.1 at 2013-10-11 14:44:57 -0400


Started GET "/_ruote/javascripts/jquery-1.9.1.min.js" for 127.0.0.1 at 2013-10-11 14:44:57 -0400


Started GET "/_ruote/javascripts/rk.js" for 127.0.0.1 at 2013-10-11 14:44:57 -0400


Started GET "/_ruote/images/ruote.png" for 127.0.0.1 at 2013-10-11 14:44:57 -0400


Started GET "/_ruote/images/favicon.png" for 127.0.0.1 at 2013-10-11 14:44:57 -0400


Started GET "/_ruote/processes?limit=100&skip=0" for 127.0.0.1 at 2013-10-11 14:44:59 -0400


Started GET "/_ruote/stylesheets/rk.css" for 127.0.0.1 at 2013-10-11 14:44:59 -0400


Started GET "/_ruote/javascripts/jquery-1.9.1.min.js" for 127.0.0.1 at 2013-10-11 14:44:59 -0400


Started GET "/_ruote/images/favicon.png" for 127.0.0.1 at 2013-10-11 14:44:59 -0400


Started GET "/_ruote/stylesheets/reset.css" for 127.0.0.1 at 2013-10-11 14:44:59 -0400


Started GET "/_ruote/javascripts/rk.js" for 127.0.0.1 at 2013-10-11 14:44:59 -0400


Started GET "/_ruote/images/ruote.png" for 127.0.0.1 at 2013-10-11 14:44:59 -0400


Started GET "/" for 127.0.0.1 at 2013-10-11 15:26:58 -0400
Processing by SessionsController#index as HTML
Completed 500 Internal Server Error in 21ms

ActionView::MissingTemplate (Missing template sessions/index, application/index with {:locale=>[:en], :formats=>[:html], :handlers=>[:erb, :builder, :raw, :ruby, :jbuilder, :coffee, :haml]}. Searched in:
  * "/home/alexander/Documents/repositories/ruote-prototype/app/views"
):
  actionpack (4.0.0) lib/action_view/path_set.rb:46:in `find'
  actionpack (4.0.0) lib/action_view/lookup_context.rb:115:in `find'
  actionpack (4.0.0) lib/action_view/renderer/abstract_renderer.rb:18:in `find_template'
  actionpack (4.0.0) lib/action_view/renderer/template_renderer.rb:35:in `determine_template'
  actionpack (4.0.0) lib/action_view/renderer/template_renderer.rb:8:in `render'
  actionpack (4.0.0) lib/action_view/renderer/renderer.rb:42:in `render_template'
  actionpack (4.0.0) lib/action_view/renderer/renderer.rb:23:in `render'
  actionpack (4.0.0) lib/abstract_controller/rendering.rb:127:in `_render_template'
  actionpack (4.0.0) lib/action_controller/metal/streaming.rb:219:in `_render_template'
  actionpack (4.0.0) lib/abstract_controller/rendering.rb:120:in `render_to_body'
  actionpack (4.0.0) lib/action_controller/metal/rendering.rb:33:in `render_to_body'
  actionpack (4.0.0) lib/action_controller/metal/renderers.rb:26:in `render_to_body'
  actionpack (4.0.0) lib/abstract_controller/rendering.rb:97:in `render'
  actionpack (4.0.0) lib/action_controller/metal/rendering.rb:16:in `render'
  actionpack (4.0.0) lib/action_controller/metal/instrumentation.rb:41:in `block (2 levels) in render'
  activesupport (4.0.0) lib/active_support/core_ext/benchmark.rb:12:in `block in ms'
  /home/alexander/.rbenv/versions/2.0.0-p247/lib/ruby/2.0.0/benchmark.rb:296:in `realtime'
  activesupport (4.0.0) lib/active_support/core_ext/benchmark.rb:12:in `ms'
  actionpack (4.0.0) lib/action_controller/metal/instrumentation.rb:41:in `block in render'
  actionpack (4.0.0) lib/action_controller/metal/instrumentation.rb:84:in `cleanup_view_runtime'
  activerecord (4.0.0) lib/active_record/railties/controller_runtime.rb:25:in `cleanup_view_runtime'
  actionpack (4.0.0) lib/action_controller/metal/instrumentation.rb:40:in `render'
  actionpack (4.0.0) lib/action_controller/metal/implicit_render.rb:10:in `default_render'
  actionpack (4.0.0) lib/action_controller/metal/implicit_render.rb:5:in `send_action'
  actionpack (4.0.0) lib/abstract_controller/base.rb:189:in `process_action'
  actionpack (4.0.0) lib/action_controller/metal/rendering.rb:10:in `process_action'
  actionpack (4.0.0) lib/abstract_controller/callbacks.rb:18:in `block in process_action'
  activesupport (4.0.0) lib/active_support/callbacks.rb:403:in `_run__4107318131490961235__process_action__callbacks'
  activesupport (4.0.0) lib/active_support/callbacks.rb:80:in `run_callbacks'
  actionpack (4.0.0) lib/abstract_controller/callbacks.rb:17:in `process_action'
  actionpack (4.0.0) lib/action_controller/metal/rescue.rb:29:in `process_action'
  actionpack (4.0.0) lib/action_controller/metal/instrumentation.rb:31:in `block in process_action'
  activesupport (4.0.0) lib/active_support/notifications.rb:159:in `block in instrument'
  activesupport (4.0.0) lib/active_support/notifications/instrumenter.rb:20:in `instrument'
  activesupport (4.0.0) lib/active_support/notifications.rb:159:in `instrument'
  actionpack (4.0.0) lib/action_controller/metal/instrumentation.rb:30:in `process_action'
  actionpack (4.0.0) lib/action_controller/metal/params_wrapper.rb:245:in `process_action'
  activerecord (4.0.0) lib/active_record/railties/controller_runtime.rb:18:in `process_action'
  actionpack (4.0.0) lib/abstract_controller/base.rb:136:in `process'
  actionpack (4.0.0) lib/abstract_controller/rendering.rb:44:in `process'
  actionpack (4.0.0) lib/action_controller/metal.rb:195:in `dispatch'
  actionpack (4.0.0) lib/action_controller/metal/rack_delegation.rb:13:in `dispatch'
  actionpack (4.0.0) lib/action_controller/metal.rb:231:in `block in action'
  actionpack (4.0.0) lib/action_dispatch/routing/route_set.rb:80:in `call'
  actionpack (4.0.0) lib/action_dispatch/routing/route_set.rb:80:in `dispatch'
  actionpack (4.0.0) lib/action_dispatch/routing/route_set.rb:48:in `call'
  actionpack (4.0.0) lib/action_dispatch/journey/router.rb:71:in `block in call'
  actionpack (4.0.0) lib/action_dispatch/journey/router.rb:59:in `each'
  actionpack (4.0.0) lib/action_dispatch/journey/router.rb:59:in `call'
  actionpack (4.0.0) lib/action_dispatch/routing/route_set.rb:655:in `call'
  rack (1.5.2) lib/rack/etag.rb:23:in `call'
  rack (1.5.2) lib/rack/conditionalget.rb:25:in `call'
  rack (1.5.2) lib/rack/head.rb:11:in `call'
  actionpack (4.0.0) lib/action_dispatch/middleware/params_parser.rb:27:in `call'
  actionpack (4.0.0) lib/action_dispatch/middleware/flash.rb:241:in `call'
  rack (1.5.2) lib/rack/session/abstract/id.rb:225:in `context'
  rack (1.5.2) lib/rack/session/abstract/id.rb:220:in `call'
  actionpack (4.0.0) lib/action_dispatch/middleware/cookies.rb:486:in `call'
  activerecord (4.0.0) lib/active_record/query_cache.rb:36:in `call'
  activerecord (4.0.0) lib/active_record/connection_adapters/abstract/connection_pool.rb:626:in `call'
  activerecord (4.0.0) lib/active_record/migration.rb:369:in `call'
  actionpack (4.0.0) lib/action_dispatch/middleware/callbacks.rb:29:in `block in call'
  activesupport (4.0.0) lib/active_support/callbacks.rb:373:in `_run__2435157832861689615__call__callbacks'
  activesupport (4.0.0) lib/active_support/callbacks.rb:80:in `run_callbacks'
  actionpack (4.0.0) lib/action_dispatch/middleware/callbacks.rb:27:in `call'
  actionpack (4.0.0) lib/action_dispatch/middleware/reloader.rb:64:in `call'
  actionpack (4.0.0) lib/action_dispatch/middleware/remote_ip.rb:76:in `call'
  actionpack (4.0.0) lib/action_dispatch/middleware/debug_exceptions.rb:17:in `call'
  actionpack (4.0.0) lib/action_dispatch/middleware/show_exceptions.rb:30:in `call'
  railties (4.0.0) lib/rails/rack/logger.rb:38:in `call_app'
  railties (4.0.0) lib/rails/rack/logger.rb:21:in `block in call'
  activesupport (4.0.0) lib/active_support/tagged_logging.rb:67:in `block in tagged'
  activesupport (4.0.0) lib/active_support/tagged_logging.rb:25:in `tagged'
  activesupport (4.0.0) lib/active_support/tagged_logging.rb:67:in `tagged'
  railties (4.0.0) lib/rails/rack/logger.rb:21:in `call'
  actionpack (4.0.0) lib/action_dispatch/middleware/request_id.rb:21:in `call'
  rack (1.5.2) lib/rack/methodoverride.rb:21:in `call'
  rack (1.5.2) lib/rack/runtime.rb:17:in `call'
  activesupport (4.0.0) lib/active_support/cache/strategy/local_cache.rb:83:in `call'
  rack (1.5.2) lib/rack/lock.rb:17:in `call'
  actionpack (4.0.0) lib/action_dispatch/middleware/static.rb:64:in `call'
  railties (4.0.0) lib/rails/engine.rb:511:in `call'
  railties (4.0.0) lib/rails/application.rb:97:in `call'
  rack (1.5.2) lib/rack/lock.rb:17:in `call'
  rack (1.5.2) lib/rack/content_length.rb:14:in `call'
  rack (1.5.2) lib/rack/handler/webrick.rb:60:in `service'
  /home/alexander/.rbenv/versions/2.0.0-p247/lib/ruby/2.0.0/webrick/httpserver.rb:138:in `service'
  /home/alexander/.rbenv/versions/2.0.0-p247/lib/ruby/2.0.0/webrick/httpserver.rb:94:in `run'
  /home/alexander/.rbenv/versions/2.0.0-p247/lib/ruby/2.0.0/webrick/server.rb:295:in `block in start_thread'


  Rendered /home/alexander/.rbenv/versions/2.0.0-p247/lib/ruby/gems/2.0.0/gems/actionpack-4.0.0/lib/action_dispatch/middleware/templates/rescues/missing_template.erb within rescues/layout (1.2ms)


Started GET "/_ruote" for 127.0.0.1 at 2013-10-11 15:27:05 -0400


Started GET "/_ruote/stylesheets/reset.css" for 127.0.0.1 at 2013-10-11 15:27:05 -0400


Started GET "/_ruote/stylesheets/rk.css" for 127.0.0.1 at 2013-10-11 15:27:05 -0400


Started GET "/_ruote/javascripts/jquery-1.9.1.min.js" for 127.0.0.1 at 2013-10-11 15:27:05 -0400


Started GET "/_ruote/javascripts/rk.js" for 127.0.0.1 at 2013-10-11 15:27:05 -0400


Started GET "/_ruote/images/favicon.png" for 127.0.0.1 at 2013-10-11 15:27:05 -0400


Started GET "/_ruote/images/ruote.png" for 127.0.0.1 at 2013-10-11 15:27:05 -0400


Started GET "/" for 127.0.0.1 at 2013-10-11 15:28:19 -0400
Processing by SessionsController#index as HTML
Completed 500 Internal Server Error in 27ms

ActionView::MissingTemplate (Missing template sessions/aaa, application/aaa with {:locale=>[:en], :formats=>[:html], :handlers=>[:erb, :builder, :raw, :ruby, :jbuilder, :coffee, :haml]}. Searched in:
  * "/home/alexander/Documents/repositories/ruote-prototype/app/views"
):
  app/controllers/sessions_controller.rb:6:in `index'


  Rendered /home/alexander/.rbenv/versions/2.0.0-p247/lib/ruby/gems/2.0.0/gems/actionpack-4.0.0/lib/action_dispatch/middleware/templates/rescues/missing_template.erb within rescues/layout (1.1ms)


Started GET "/" for 127.0.0.1 at 2013-10-11 15:28:32 -0400
Processing by SessionsController#index as HTML
Completed 500 Internal Server Error in 2ms

ActionView::MissingTemplate (Missing template ../aaa with {:locale=>[:en], :formats=>[:html], :handlers=>[:erb, :builder, :raw, :ruby, :jbuilder, :coffee, :haml]}. Searched in:
  * "/home/alexander/Documents/repositories/ruote-prototype/app/views"
  * "/home/alexander/Documents/repositories/ruote-prototype"
  * "/"
):
  app/controllers/sessions_controller.rb:6:in `index'


  Rendered /home/alexander/.rbenv/versions/2.0.0-p247/lib/ruby/gems/2.0.0/gems/actionpack-4.0.0/lib/action_dispatch/middleware/templates/rescues/missing_template.erb within rescues/layout (0.5ms)


Started GET "/" for 127.0.0.1 at 2013-10-11 15:28:53 -0400
Processing by SessionsController#index as HTML
Completed 500 Internal Server Error in 2ms

ActionView::MissingTemplate (Missing template ../../aaa with {:locale=>[:en], :formats=>[:html], :handlers=>[:erb, :builder, :raw, :ruby, :jbuilder, :coffee, :haml]}. Searched in:
  * "/home/alexander/Documents/repositories/ruote-prototype/app/views"
  * "/home/alexander/Documents/repositories/ruote-prototype"
  * "/"
):
  app/controllers/sessions_controller.rb:6:in `index'


  Rendered /home/alexander/.rbenv/versions/2.0.0-p247/lib/ruby/gems/2.0.0/gems/actionpack-4.0.0/lib/action_dispatch/middleware/templates/rescues/missing_template.erb within rescues/layout (0.5ms)


Started GET "/" for 127.0.0.1 at 2013-10-11 15:29:12 -0400
Processing by SessionsController#index as HTML
  Rendered sessions/index.html.erb within layouts/application (0.4ms)
Completed 200 OK in 448ms (Views: 446.9ms | ActiveRecord: 0.0ms)


Started GET "/assets/application.css?body=1" for 127.0.0.1 at 2013-10-11 15:29:12 -0400


Started GET "/assets/jquery.js?body=1" for 127.0.0.1 at 2013-10-11 15:29:12 -0400


Started GET "/assets/jquery_ujs.js?body=1" for 127.0.0.1 at 2013-10-11 15:29:12 -0400


Started GET "/assets/turbolinks.js?body=1" for 127.0.0.1 at 2013-10-11 15:29:12 -0400


Started GET "/assets/sessions.css?body=1" for 127.0.0.1 at 2013-10-11 15:29:12 -0400


Started GET "/assets/sessions.js?body=1" for 127.0.0.1 at 2013-10-11 15:29:12 -0400


Started GET "/assets/application.js?body=1" for 127.0.0.1 at 2013-10-11 15:29:12 -0400


Started GET "/" for 127.0.0.1 at 2013-10-11 15:29:40 -0400
Processing by SessionsController#index as HTML
  Rendered sessions/index.html.erb within layouts/application (1.0ms)
Completed 200 OK in 9ms (Views: 7.2ms | ActiveRecord: 0.0ms)


Started GET "/assets/sessions.css?body=1" for 127.0.0.1 at 2013-10-11 15:29:40 -0400


Started GET "/assets/application.css?body=1" for 127.0.0.1 at 2013-10-11 15:29:40 -0400


Started GET "/assets/turbolinks.js?body=1" for 127.0.0.1 at 2013-10-11 15:29:40 -0400


Started GET "/assets/jquery.js?body=1" for 127.0.0.1 at 2013-10-11 15:29:40 -0400


Started GET "/assets/sessions.js?body=1" for 127.0.0.1 at 2013-10-11 15:29:40 -0400


Started GET "/assets/jquery_ujs.js?body=1" for 127.0.0.1 at 2013-10-11 15:29:40 -0400


Started GET "/assets/application.js?body=1" for 127.0.0.1 at 2013-10-11 15:29:40 -0400
  [1m[36m (171.9ms)[0m  [1mCREATE TABLE "schema_migrations" ("version" varchar(255) NOT NULL) [0m
  [1m[35m (132.4ms)[0m  CREATE UNIQUE INDEX "unique_schema_migrations" ON "schema_migrations" ("version")
  [1m[36mActiveRecord::SchemaMigration Load (0.1ms)[0m  [1mSELECT "schema_migrations".* FROM "schema_migrations"[0m
Migrating to CreateUsers (20131011193139)
  [1m[35m (0.2ms)[0m  begin transaction
  [1m[36m (0.5ms)[0m  [1mCREATE TABLE "users" ("id" INTEGER PRIMARY KEY AUTOINCREMENT NOT NULL, "created_at" datetime, "updated_at" datetime) [0m
  [1m[35mSQL (0.5ms)[0m  INSERT INTO "schema_migrations" ("version") VALUES (?)  [["version", "20131011193139"]]
  [1m[36m (144.0ms)[0m  [1mcommit transaction[0m
  [1m[35mActiveRecord::SchemaMigration Load (0.2ms)[0m  SELECT "schema_migrations".* FROM "schema_migrations"
  [1m[36mActiveRecord::SchemaMigration Load (0.1ms)[0m  [1mSELECT "schema_migrations".* FROM "schema_migrations"[0m
Migrating to CreateIssues (20131011193739)
  [1m[35m (0.1ms)[0m  begin transaction
  [1m[36m (0.3ms)[0m  [1mCREATE TABLE "issues" ("id" INTEGER PRIMARY KEY AUTOINCREMENT NOT NULL, "created_at" datetime, "updated_at" datetime) [0m
  [1m[35mSQL (0.2ms)[0m  INSERT INTO "schema_migrations" ("version") VALUES (?)  [["version", "20131011193739"]]
  [1m[36m (214.6ms)[0m  [1mcommit transaction[0m
  [1m[35mActiveRecord::SchemaMigration Load (0.1ms)[0m  SELECT "schema_migrations".* FROM "schema_migrations"
  [1m[36mActiveRecord::SchemaMigration Load (0.3ms)[0m  [1mSELECT "schema_migrations".* FROM "schema_migrations"[0m
Migrating to CreateRoles (20131011194127)
  [1m[35m (0.1ms)[0m  begin transaction
  [1m[36m (0.3ms)[0m  [1mCREATE TABLE "roles" ("id" INTEGER PRIMARY KEY AUTOINCREMENT NOT NULL, "created_at" datetime, "updated_at" datetime) [0m
  [1m[35mSQL (0.2ms)[0m  INSERT INTO "schema_migrations" ("version") VALUES (?)  [["version", "20131011194127"]]
  [1m[36m (199.3ms)[0m  [1mcommit transaction[0m
Migrating to CreateComments (20131011194145)
  [1m[35m (0.3ms)[0m  begin transaction
  [1m[36m (0.7ms)[0m  [1mCREATE TABLE "comments" ("id" INTEGER PRIMARY KEY AUTOINCREMENT NOT NULL, "created_at" datetime, "updated_at" datetime) [0m
  [1m[35mSQL (0.3ms)[0m  INSERT INTO "schema_migrations" ("version") VALUES (?)  [["version", "20131011194145"]]
  [1m[36m (159.2ms)[0m  [1mcommit transaction[0m
Migrating to CreateUsers (20131011194910)
  [1m[35m (0.3ms)[0m  begin transaction
  [1m[36m (0.1ms)[0m  [1mrollback transaction[0m
  [1m[36mActiveRecord::SchemaMigration Load (0.1ms)[0m  [1mSELECT "schema_migrations".* FROM "schema_migrations"[0m
  [1m[35mActiveRecord::SchemaMigration Load (0.1ms)[0m  SELECT "schema_migrations".* FROM "schema_migrations"
  [1m[36mActiveRecord::SchemaMigration Load (0.1ms)[0m  [1mSELECT "schema_migrations".* FROM "schema_migrations"[0m
  [1m[35mActiveRecord::SchemaMigration Load (0.1ms)[0m  SELECT "schema_migrations".* FROM "schema_migrations"
  [1m[36mActiveRecord::SchemaMigration Load (0.1ms)[0m  [1mSELECT "schema_migrations".* FROM "schema_migrations"[0m
Migrating to CreateUsers (20131011195412)
  [1m[35m (0.1ms)[0m  begin transaction
  [1m[36m (0.2ms)[0m  [1mCREATE TABLE "users" ("id" INTEGER PRIMARY KEY AUTOINCREMENT NOT NULL, "created_at" datetime, "updated_at" datetime) [0m
SQLite3::SQLException: table "users" already exists: CREATE TABLE "users" ("id" INTEGER PRIMARY KEY AUTOINCREMENT NOT NULL, "created_at" datetime, "updated_at" datetime) 
  [1m[35m (0.1ms)[0m  rollback transaction
